2026-03-09 21:08:13,035 - New user registered and logged in
2026-03-09 21:08:13,707 - Chromium init'ed with kwargs {}
2026-03-09 21:08:13,711 - Found chromium path: /usr/bin/google-chrome
2026-03-09 21:08:13,713 - Temp directory created: /tmp/tmpsxj076m2.
2026-03-09 21:08:13,715 - Opening browser.
2026-03-09 21:08:13,717 - Temp directory created: /tmp/tmpx8qb5_ig.
2026-03-09 21:08:13,753 - ldd failed. e: Command '['ldd', '/usr/bin/google-chrome']' returned non-zero exit status 1., stderr: None
2026-03-09 21:08:13,754 - Temporary directory at: /tmp/tmpx8qb5_ig
2026-03-09 21:08:17,662 - Conforming 1 to file:///tmp/tmpsxj076m2/index.html
2026-03-09 21:08:17,662 - Waiting on all navigates
2026-03-09 21:08:22,521 - All navigates done, putting them all in queue.
2026-03-09 21:08:22,529 - Getting tab from queue (has 1)
2026-03-09 21:08:22,531 - Got 387C
2026-03-09 21:08:22,531 - Processing fig.png
2026-03-09 21:08:22,532 - Sending big command for fig.png.
2026-03-09 21:08:22,704 - Sent big command for fig.png.
2026-03-09 21:08:22,706 - Reloading tab 387C before return.
2026-03-09 21:08:23,047 - Putting tab 387C back (queue size: 0).
2026-03-09 21:08:23,049 - Waiting for all cleanups to finish.
2026-03-09 21:08:23,051 - Exiting Kaleido
2026-03-09 21:08:23,052 - Closing browser.
2026-03-09 21:08:23,096 - Closing browser.
2026-03-09 21:08:23,098 - TemporaryDirectory.cleanup() worked.
2026-03-09 21:08:23,098 - shutil.rmtree worked.
2026-03-09 21:08:23,099 - Cancelling tasks.
2026-03-09 21:08:23,099 - Exiting Kaleido/Choreo
2026-03-09 21:08:23,405 - TemporaryDirectory.cleanup() worked.
2026-03-09 21:08:23,406 - shutil.rmtree worked.
2026-03-09 21:08:23,406 - TemporaryDirectory.cleanup() worked.
2026-03-09 21:08:23,407 - shutil.rmtree worked.
2026-03-09 21:08:23,407 - Cancelling tasks.
2026-03-09 21:08:23,407 - Exiting Kaleido/Choreo
2026-03-09 21:08:23,756 - TemporaryDirectory.cleanup() worked.
2026-03-09 21:08:23,759 - shutil.rmtree worked.
2026-03-09 21:25:26,149 - Chromium init'ed with kwargs {}
2026-03-09 21:25:26,152 - Found chromium path: /usr/bin/google-chrome
2026-03-09 21:25:26,152 - Temp directory created: /tmp/tmpw3sl6gp7.
2026-03-09 21:25:26,153 - Opening browser.
2026-03-09 21:25:26,156 - Temp directory created: /tmp/tmp9uwoe0w8.
2026-03-09 21:25:26,191 - ldd failed. e: Command '['ldd', '/usr/bin/google-chrome']' returned non-zero exit status 1., stderr: None
2026-03-09 21:25:26,197 - Temporary directory at: /tmp/tmp9uwoe0w8
2026-03-09 21:25:27,784 - Chromium init'ed with kwargs {}
2026-03-09 21:25:27,794 - Found chromium path: /usr/bin/google-chrome
2026-03-09 21:25:27,817 - Temp directory created: /tmp/tmpwyq6159b.
2026-03-09 21:25:27,822 - Opening browser.
2026-03-09 21:25:27,839 - Temp directory created: /tmp/tmpy565hgzl.
2026-03-09 21:25:27,922 - ldd failed. e: Command '['ldd', '/usr/bin/google-chrome']' returned non-zero exit status 1., stderr: None
2026-03-09 21:25:27,923 - Temporary directory at: /tmp/tmpy565hgzl
2026-03-09 21:25:28,630 - Conforming 1 to file:///tmp/tmpw3sl6gp7/index.html
2026-03-09 21:25:28,630 - Waiting on all navigates
2026-03-09 21:25:31,871 - Conforming 1 to file:///tmp/tmpwyq6159b/index.html
2026-03-09 21:25:31,876 - Waiting on all navigates
2026-03-09 21:25:35,059 - All navigates done, putting them all in queue.
2026-03-09 21:25:35,060 - Getting tab from queue (has 1)
2026-03-09 21:25:35,060 - Got 9182
2026-03-09 21:25:35,061 - Processing fig.png
2026-03-09 21:25:35,061 - Sending big command for fig.png.
2026-03-09 21:25:35,298 - Sent big command for fig.png.
2026-03-09 21:25:35,301 - Reloading tab 9182 before return.
2026-03-09 21:25:35,910 - Putting tab 9182 back (queue size: 0).
2026-03-09 21:25:35,912 - Waiting for all cleanups to finish.
2026-03-09 21:25:35,912 - Exiting Kaleido
2026-03-09 21:25:35,912 - Closing browser.
2026-03-09 21:25:35,932 - Closing browser.
2026-03-09 21:25:35,940 - TemporaryDirectory.cleanup() worked.
2026-03-09 21:25:35,944 - shutil.rmtree worked.
2026-03-09 21:25:35,945 - Cancelling tasks.
2026-03-09 21:25:35,945 - Exiting Kaleido/Choreo
2026-03-09 21:25:36,764 - TemporaryDirectory.cleanup() worked.
2026-03-09 21:25:36,767 - shutil.rmtree worked.
2026-03-09 21:25:36,769 - TemporaryDirectory.cleanup() worked.
2026-03-09 21:25:36,771 - shutil.rmtree worked.
2026-03-09 21:25:36,771 - Cancelling tasks.
2026-03-09 21:25:36,771 - Exiting Kaleido/Choreo
2026-03-09 21:25:37,278 - TemporaryDirectory.cleanup() worked.
2026-03-09 21:25:37,278 - shutil.rmtree worked.
2026-03-09 21:25:37,585 - All navigates done, putting them all in queue.
2026-03-09 21:25:37,586 - Getting tab from queue (has 1)
2026-03-09 21:25:37,586 - Got E9C9
2026-03-09 21:25:37,586 - Processing fig.png
2026-03-09 21:25:37,586 - Sending big command for fig.png.
2026-03-09 21:25:37,758 - Sent big command for fig.png.
2026-03-09 21:25:37,758 - Reloading tab E9C9 before return.
2026-03-09 21:25:38,071 - Putting tab E9C9 back (queue size: 0).
2026-03-09 21:25:38,073 - Waiting for all cleanups to finish.
2026-03-09 21:25:38,073 - Exiting Kaleido
2026-03-09 21:25:38,073 - Closing browser.
2026-03-09 21:25:38,078 - Closing browser.
2026-03-09 21:25:38,131 - TemporaryDirectory.cleanup() worked.
2026-03-09 21:25:38,134 - shutil.rmtree worked.
2026-03-09 21:25:38,138 - Cancelling tasks.
2026-03-09 21:25:38,138 - Exiting Kaleido/Choreo
2026-03-09 21:25:38,418 - TemporaryDirectory.cleanup() worked.
2026-03-09 21:25:38,419 - shutil.rmtree worked.
2026-03-09 21:25:38,419 - TemporaryDirectory.cleanup() worked.
2026-03-09 21:25:38,420 - shutil.rmtree worked.
2026-03-09 21:25:38,421 - Cancelling tasks.
2026-03-09 21:25:38,421 - Exiting Kaleido/Choreo
2026-03-09 21:25:38,733 - Upload Attempted
2026-03-09 21:25:41,101 - TemporaryDirectory.cleanup() worked.
2026-03-09 21:25:41,102 - shutil.rmtree worked.
2026-03-09 21:27:04,178 - Model Training Successful
2026-03-09 21:27:04,394 - n_changepoints greater than number of observations. Using 4.
2026-03-09 21:27:04,404 - Chain [1] start processing
2026-03-09 21:27:05,018 - Chain [1] done processing
2026-03-11 19:51:14,817 - User logged in successfully
2026-03-11 19:51:15,648 - Chromium init'ed with kwargs {}
2026-03-11 19:51:15,662 - Found chromium path: /usr/bin/google-chrome
2026-03-11 19:51:15,666 - Temp directory created: /tmp/tmp0q2vskhr.
2026-03-11 19:51:15,669 - Opening browser.
2026-03-11 19:51:15,680 - Temp directory created: /tmp/tmpoba92maq.
2026-03-11 19:51:15,754 - ldd failed. e: Command '['ldd', '/usr/bin/google-chrome']' returned non-zero exit status 1., stderr: None
2026-03-11 19:51:15,755 - Temporary directory at: /tmp/tmpoba92maq
2026-03-11 19:51:20,079 - Conforming 1 to file:///tmp/tmp0q2vskhr/index.html
2026-03-11 19:51:20,083 - Waiting on all navigates
2026-03-11 19:51:25,035 - All navigates done, putting them all in queue.
2026-03-11 19:51:25,041 - Getting tab from queue (has 1)
2026-03-11 19:51:25,041 - Got 8BDA
2026-03-11 19:51:25,041 - Processing fig.png
2026-03-11 19:51:25,042 - Sending big command for fig.png.
2026-03-11 19:51:25,311 - Sent big command for fig.png.
2026-03-11 19:51:25,314 - Reloading tab 8BDA before return.
2026-03-11 19:51:25,778 - Putting tab 8BDA back (queue size: 0).
2026-03-11 19:51:25,781 - Waiting for all cleanups to finish.
2026-03-11 19:51:25,782 - Exiting Kaleido
2026-03-11 19:51:25,784 - Closing browser.
2026-03-11 19:51:25,803 - Closing browser.
2026-03-11 19:51:25,805 - TemporaryDirectory.cleanup() worked.
2026-03-11 19:51:25,807 - shutil.rmtree worked.
2026-03-11 19:51:25,808 - Cancelling tasks.
2026-03-11 19:51:25,808 - Exiting Kaleido/Choreo
2026-03-11 19:51:26,065 - TemporaryDirectory.cleanup() worked.
2026-03-11 19:51:26,065 - shutil.rmtree worked.
2026-03-11 19:51:26,066 - TemporaryDirectory.cleanup() worked.
2026-03-11 19:51:26,067 - shutil.rmtree worked.
2026-03-11 19:51:26,068 - Cancelling tasks.
2026-03-11 19:51:26,068 - Exiting Kaleido/Choreo
2026-03-11 19:51:26,637 - TemporaryDirectory.cleanup() worked.
2026-03-11 19:51:26,653 - shutil.rmtree worked.
2026-03-11 19:52:26,197 - User logged in successfully
2026-03-11 19:52:26,657 - Chromium init'ed with kwargs {}
2026-03-11 19:52:26,660 - Found chromium path: /usr/bin/google-chrome
2026-03-11 19:52:26,661 - Temp directory created: /tmp/tmpfecu4k96.
2026-03-11 19:52:26,662 - Opening browser.
2026-03-11 19:52:26,664 - Temp directory created: /tmp/tmpxntofag9.
2026-03-11 19:52:26,718 - ldd failed. e: Command '['ldd', '/usr/bin/google-chrome']' returned non-zero exit status 1., stderr: None
2026-03-11 19:52:26,719 - Temporary directory at: /tmp/tmpxntofag9
2026-03-11 19:52:29,140 - Conforming 1 to file:///tmp/tmpfecu4k96/index.html
2026-03-11 19:52:29,141 - Waiting on all navigates
2026-03-11 19:52:34,356 - All navigates done, putting them all in queue.
2026-03-11 19:52:34,365 - Getting tab from queue (has 1)
2026-03-11 19:52:34,375 - Got E96F
2026-03-11 19:52:34,377 - Processing fig.png
2026-03-11 19:52:34,382 - Sending big command for fig.png.
2026-03-11 19:52:34,986 - Sent big command for fig.png.
2026-03-11 19:52:34,990 - Reloading tab E96F before return.
2026-03-11 19:52:35,647 - Putting tab E96F back (queue size: 0).
2026-03-11 19:52:35,661 - Waiting for all cleanups to finish.
2026-03-11 19:52:35,661 - Exiting Kaleido
2026-03-11 19:52:35,661 - Closing browser.
2026-03-11 19:52:35,683 - Closing browser.
2026-03-11 19:52:35,686 - TemporaryDirectory.cleanup() worked.
2026-03-11 19:52:35,686 - shutil.rmtree worked.
2026-03-11 19:52:35,686 - Cancelling tasks.
2026-03-11 19:52:35,686 - Exiting Kaleido/Choreo
2026-03-11 19:52:35,972 - TemporaryDirectory.cleanup() worked.
2026-03-11 19:52:35,972 - shutil.rmtree worked.
2026-03-11 19:52:35,973 - TemporaryDirectory.cleanup() worked.
2026-03-11 19:52:35,974 - shutil.rmtree worked.
2026-03-11 19:52:35,975 - Cancelling tasks.
2026-03-11 19:52:35,975 - Exiting Kaleido/Choreo
2026-03-11 19:52:36,369 - TemporaryDirectory.cleanup() worked.
2026-03-11 19:52:36,372 - shutil.rmtree worked.
2026-03-11 19:53:22,240 - Chromium init'ed with kwargs {}
2026-03-11 19:53:22,242 - Found chromium path: /usr/bin/google-chrome
2026-03-11 19:53:22,245 - Temp directory created: /tmp/tmprbvw7f4g.
2026-03-11 19:53:22,246 - Opening browser.
2026-03-11 19:53:22,250 - Temp directory created: /tmp/tmpqlgs_jsx.
2026-03-11 19:53:22,280 - ldd failed. e: Command '['ldd', '/usr/bin/google-chrome']' returned non-zero exit status 1., stderr: None
2026-03-11 19:53:22,281 - Temporary directory at: /tmp/tmpqlgs_jsx
2026-03-11 19:53:24,172 - Conforming 1 to file:///tmp/tmprbvw7f4g/index.html
2026-03-11 19:53:24,173 - Waiting on all navigates
2026-03-11 19:53:28,198 - All navigates done, putting them all in queue.
2026-03-11 19:53:28,199 - Getting tab from queue (has 1)
2026-03-11 19:53:28,199 - Got 88F2
2026-03-11 19:53:28,199 - Processing fig.png
2026-03-11 19:53:28,199 - Sending big command for fig.png.
2026-03-11 19:53:28,402 - Sent big command for fig.png.
2026-03-11 19:53:28,403 - Reloading tab 88F2 before return.
2026-03-11 19:53:28,769 - Putting tab 88F2 back (queue size: 0).
2026-03-11 19:53:28,770 - Waiting for all cleanups to finish.
2026-03-11 19:53:28,772 - Exiting Kaleido
2026-03-11 19:53:28,772 - Closing browser.
2026-03-11 19:53:28,813 - Closing browser.
2026-03-11 19:53:28,818 - TemporaryDirectory.cleanup() worked.
2026-03-11 19:53:28,820 - shutil.rmtree worked.
2026-03-11 19:53:28,828 - Cancelling tasks.
2026-03-11 19:53:28,828 - Exiting Kaleido/Choreo
2026-03-11 19:53:29,104 - TemporaryDirectory.cleanup() worked.
2026-03-11 19:53:29,105 - shutil.rmtree worked.
2026-03-11 19:53:29,105 - TemporaryDirectory.cleanup() worked.
2026-03-11 19:53:29,106 - shutil.rmtree worked.
2026-03-11 19:53:29,107 - Cancelling tasks.
2026-03-11 19:53:29,107 - Exiting Kaleido/Choreo
2026-03-11 19:53:29,491 - TemporaryDirectory.cleanup() worked.
2026-03-11 19:53:29,491 - shutil.rmtree worked.
2026-03-11 19:54:56,191 - Chromium init'ed with kwargs {}
2026-03-11 19:54:56,194 - Found chromium path: /usr/bin/google-chrome
2026-03-11 19:54:56,195 - Temp directory created: /tmp/tmph8cw7wt2.
2026-03-11 19:54:56,196 - Opening browser.
2026-03-11 19:54:56,199 - Temp directory created: /tmp/tmp0s7tazoa.
2026-03-11 19:54:56,215 - ldd failed. e: Command '['ldd', '/usr/bin/google-chrome']' returned non-zero exit status 1., stderr: None
2026-03-11 19:54:56,216 - Temporary directory at: /tmp/tmp0s7tazoa
2026-03-11 19:54:57,672 - Conforming 1 to file:///tmp/tmph8cw7wt2/index.html
2026-03-11 19:54:57,674 - Waiting on all navigates
2026-03-11 19:55:01,819 - All navigates done, putting them all in queue.
2026-03-11 19:55:01,822 - Getting tab from queue (has 1)
2026-03-11 19:55:01,825 - Got E90E
2026-03-11 19:55:01,825 - Processing fig.png
2026-03-11 19:55:01,825 - Sending big command for fig.png.
2026-03-11 19:55:01,991 - Sent big command for fig.png.
2026-03-11 19:55:01,992 - Reloading tab E90E before return.
2026-03-11 19:55:02,354 - Putting tab E90E back (queue size: 0).
2026-03-11 19:55:02,356 - Waiting for all cleanups to finish.
2026-03-11 19:55:02,356 - Exiting Kaleido
2026-03-11 19:55:02,356 - Closing browser.
2026-03-11 19:55:02,363 - Closing browser.
2026-03-11 19:55:02,363 - TemporaryDirectory.cleanup() worked.
2026-03-11 19:55:02,369 - shutil.rmtree worked.
2026-03-11 19:55:02,369 - Cancelling tasks.
2026-03-11 19:55:02,369 - Exiting Kaleido/Choreo
2026-03-11 19:55:02,697 - TemporaryDirectory.cleanup() worked.
2026-03-11 19:55:02,698 - shutil.rmtree worked.
2026-03-11 19:55:02,698 - TemporaryDirectory.cleanup() worked.
2026-03-11 19:55:02,698 - shutil.rmtree worked.
2026-03-11 19:55:02,698 - Cancelling tasks.
2026-03-11 19:55:02,698 - Exiting Kaleido/Choreo
2026-03-11 19:55:02,960 - Upload Attempted
2026-03-11 19:55:03,352 - TemporaryDirectory.cleanup() worked.
2026-03-11 19:55:03,361 - shutil.rmtree worked.
2026-03-11 19:55:07,028 - Chromium init'ed with kwargs {}
2026-03-11 19:55:07,030 - Found chromium path: /usr/bin/google-chrome
2026-03-11 19:55:07,031 - Temp directory created: /tmp/tmpjdkqcqzn.
2026-03-11 19:55:07,032 - Opening browser.
2026-03-11 19:55:07,035 - Temp directory created: /tmp/tmpvcooluor.
2026-03-11 19:55:07,050 - ldd failed. e: Command '['ldd', '/usr/bin/google-chrome']' returned non-zero exit status 1., stderr: None
2026-03-11 19:55:07,051 - Temporary directory at: /tmp/tmpvcooluor
2026-03-11 19:55:09,035 - Conforming 1 to file:///tmp/tmpjdkqcqzn/index.html
2026-03-11 19:55:09,035 - Waiting on all navigates
2026-03-11 19:55:14,710 - All navigates done, putting them all in queue.
2026-03-11 19:55:14,710 - Getting tab from queue (has 1)
2026-03-11 19:55:14,710 - Got 0E2F
2026-03-11 19:55:14,710 - Processing fig.png
2026-03-11 19:55:14,710 - Sending big command for fig.png.
2026-03-11 19:55:14,987 - Sent big command for fig.png.
2026-03-11 19:55:14,988 - Reloading tab 0E2F before return.
2026-03-11 19:55:15,460 - Putting tab 0E2F back (queue size: 0).
2026-03-11 19:55:15,462 - Waiting for all cleanups to finish.
2026-03-11 19:55:15,465 - Exiting Kaleido
2026-03-11 19:55:15,466 - Closing browser.
2026-03-11 19:55:15,490 - Closing browser.
2026-03-11 19:55:15,497 - TemporaryDirectory.cleanup() worked.
2026-03-11 19:55:15,497 - shutil.rmtree worked.
2026-03-11 19:55:15,497 - Cancelling tasks.
2026-03-11 19:55:15,497 - Exiting Kaleido/Choreo
2026-03-11 19:55:15,777 - TemporaryDirectory.cleanup() worked.
2026-03-11 19:55:15,778 - shutil.rmtree worked.
2026-03-11 19:55:15,779 - TemporaryDirectory.cleanup() worked.
2026-03-11 19:55:15,779 - shutil.rmtree worked.
2026-03-11 19:55:15,780 - Cancelling tasks.
2026-03-11 19:55:15,780 - Exiting Kaleido/Choreo
2026-03-11 19:55:16,040 - Upload Attempted
2026-03-11 19:55:16,420 - TemporaryDirectory.cleanup() worked.
2026-03-11 19:55:16,420 - shutil.rmtree worked.
2026-03-11 19:56:11,764 - Chromium init'ed with kwargs {}
2026-03-11 19:56:11,765 - Found chromium path: /usr/bin/google-chrome
2026-03-11 19:56:11,765 - Temp directory created: /tmp/tmpsx91nxn1.
2026-03-11 19:56:11,777 - Opening browser.
2026-03-11 19:56:11,786 - Temp directory created: /tmp/tmp0u8godbw.
2026-03-11 19:56:11,809 - ldd failed. e: Command '['ldd', '/usr/bin/google-chrome']' returned non-zero exit status 1., stderr: None
2026-03-11 19:56:11,811 - Temporary directory at: /tmp/tmp0u8godbw
2026-03-11 19:56:13,002 - Conforming 1 to file:///tmp/tmpsx91nxn1/index.html
2026-03-11 19:56:13,006 - Waiting on all navigates
2026-03-11 19:56:16,315 - Chromium init'ed with kwargs {}
2026-03-11 19:56:16,317 - Found chromium path: /usr/bin/google-chrome
2026-03-11 19:56:16,322 - Temp directory created: /tmp/tmp07wxppsv.
2026-03-11 19:56:16,323 - Opening browser.
2026-03-11 19:56:16,328 - Temp directory created: /tmp/tmp8jqmca40.
2026-03-11 19:56:16,354 - ldd failed. e: Command '['ldd', '/usr/bin/google-chrome']' returned non-zero exit status 1., stderr: None
2026-03-11 19:56:16,356 - Temporary directory at: /tmp/tmp8jqmca40
2026-03-11 19:56:18,561 - Conforming 1 to file:///tmp/tmp07wxppsv/index.html
2026-03-11 19:56:18,562 - Waiting on all navigates
2026-03-11 19:56:21,377 - All navigates done, putting them all in queue.
2026-03-11 19:56:21,406 - Getting tab from queue (has 1)
2026-03-11 19:56:21,406 - Got 69B5
2026-03-11 19:56:21,406 - Processing fig.png
2026-03-11 19:56:21,406 - Sending big command for fig.png.
2026-03-11 19:56:21,833 - Sent big command for fig.png.
2026-03-11 19:56:21,834 - Reloading tab 69B5 before return.
2026-03-11 19:56:22,972 - Putting tab 69B5 back (queue size: 0).
2026-03-11 19:56:22,972 - Waiting for all cleanups to finish.
2026-03-11 19:56:22,972 - Exiting Kaleido
2026-03-11 19:56:22,972 - Closing browser.
2026-03-11 19:56:22,992 - Closing browser.
2026-03-11 19:56:22,999 - TemporaryDirectory.cleanup() worked.
2026-03-11 19:56:22,999 - shutil.rmtree worked.
2026-03-11 19:56:23,000 - Cancelling tasks.
2026-03-11 19:56:23,000 - Exiting Kaleido/Choreo
2026-03-11 19:56:24,751 - TemporaryDirectory.cleanup() worked.
2026-03-11 19:56:24,752 - shutil.rmtree worked.
2026-03-11 19:56:24,754 - TemporaryDirectory.cleanup() worked.
2026-03-11 19:56:24,756 - shutil.rmtree worked.
2026-03-11 19:56:24,757 - Cancelling tasks.
2026-03-11 19:56:24,757 - Exiting Kaleido/Choreo
2026-03-11 19:56:25,352 - TemporaryDirectory.cleanup() worked.
2026-03-11 19:56:25,353 - shutil.rmtree worked.
2026-03-11 19:56:27,135 - All navigates done, putting them all in queue.
2026-03-11 19:56:27,138 - Getting tab from queue (has 1)
2026-03-11 19:56:27,138 - Got A702
2026-03-11 19:56:27,139 - Processing fig.png
2026-03-11 19:56:27,139 - Sending big command for fig.png.
2026-03-11 19:56:27,572 - Sent big command for fig.png.
2026-03-11 19:56:27,580 - Reloading tab A702 before return.
2026-03-11 19:56:28,353 - Putting tab A702 back (queue size: 0).
2026-03-11 19:56:28,356 - Waiting for all cleanups to finish.
2026-03-11 19:56:28,356 - Exiting Kaleido
2026-03-11 19:56:28,359 - Closing browser.
2026-03-11 19:56:28,366 - Closing browser.
2026-03-11 19:56:28,370 - TemporaryDirectory.cleanup() worked.
2026-03-11 19:56:28,371 - shutil.rmtree worked.
2026-03-11 19:56:28,371 - Cancelling tasks.
2026-03-11 19:56:28,371 - Exiting Kaleido/Choreo
2026-03-11 19:56:28,736 - TemporaryDirectory.cleanup() worked.
2026-03-11 19:56:28,736 - shutil.rmtree worked.
2026-03-11 19:56:28,737 - TemporaryDirectory.cleanup() worked.
2026-03-11 19:56:28,738 - shutil.rmtree worked.
2026-03-11 19:56:28,738 - Cancelling tasks.
2026-03-11 19:56:28,738 - Exiting Kaleido/Choreo
2026-03-11 19:56:29,152 - TemporaryDirectory.cleanup() worked.
2026-03-11 19:56:29,152 - shutil.rmtree worked.
2026-03-11 21:26:38,901 - User logged in successfully
2026-03-11 21:26:42,234 - Chromium init'ed with kwargs {}
2026-03-11 21:26:42,285 - Found chromium path: /usr/bin/google-chrome
2026-03-11 21:26:42,292 - Temp directory created: /tmp/tmp9zfx15xg.
2026-03-11 21:26:42,298 - Opening browser.
2026-03-11 21:26:42,307 - Temp directory created: /tmp/tmpspxu_wov.
2026-03-11 21:26:42,404 - ldd failed. e: Command '['ldd', '/usr/bin/google-chrome']' returned non-zero exit status 1., stderr: None
2026-03-11 21:26:42,405 - Temporary directory at: /tmp/tmpspxu_wov
2026-03-11 21:26:50,907 - Conforming 1 to file:///tmp/tmp9zfx15xg/index.html
2026-03-11 21:26:50,917 - Waiting on all navigates
2026-03-11 21:27:33,691 - All navigates done, putting them all in queue.
2026-03-11 21:27:33,800 - Getting tab from queue (has 1)
2026-03-11 21:27:33,860 - Got A214
2026-03-11 21:27:33,865 - Processing fig.png
2026-03-11 21:27:33,881 - Sending big command for fig.png.
2026-03-11 21:27:35,153 - Sent big command for fig.png.
2026-03-11 21:27:35,235 - Reloading tab A214 before return.
2026-03-11 21:27:38,951 - Putting tab A214 back (queue size: 0).
2026-03-11 21:27:38,954 - Waiting for all cleanups to finish.
2026-03-11 21:27:38,958 - Exiting Kaleido
2026-03-11 21:27:38,958 - Closing browser.
2026-03-11 21:27:39,029 - Closing browser.
2026-03-11 21:27:39,053 - TemporaryDirectory.cleanup() worked.
2026-03-11 21:27:39,069 - shutil.rmtree worked.
2026-03-11 21:27:39,070 - Cancelling tasks.
2026-03-11 21:27:39,070 - Exiting Kaleido/Choreo
2026-03-11 21:27:41,598 - TemporaryDirectory.cleanup() worked.
2026-03-11 21:27:41,640 - shutil.rmtree worked.
2026-03-11 21:27:41,641 - TemporaryDirectory.cleanup() worked.
2026-03-11 21:27:41,641 - shutil.rmtree worked.
2026-03-11 21:27:41,641 - Cancelling tasks.
2026-03-11 21:27:41,641 - Exiting Kaleido/Choreo
2026-03-11 21:27:48,341 - TemporaryDirectory.cleanup() worked.
2026-03-11 21:27:48,342 - shutil.rmtree worked.
2026-03-11 21:29:43,942 - Chromium init'ed with kwargs {}
2026-03-11 21:29:43,960 - Found chromium path: /usr/bin/google-chrome
2026-03-11 21:29:43,967 - Temp directory created: /tmp/tmpcaa8ntd8.
2026-03-11 21:29:43,986 - Opening browser.
2026-03-11 21:29:44,003 - Temp directory created: /tmp/tmpft6wozx1.
2026-03-11 21:29:44,129 - ldd failed. e: Command '['ldd', '/usr/bin/google-chrome']' returned non-zero exit status 1., stderr: None
2026-03-11 21:29:44,130 - Temporary directory at: /tmp/tmpft6wozx1
2026-03-11 21:29:47,478 - Chromium init'ed with kwargs {}
2026-03-11 21:29:47,490 - Found chromium path: /usr/bin/google-chrome
2026-03-11 21:29:47,493 - Temp directory created: /tmp/tmp3sdns5b3.
2026-03-11 21:29:47,502 - Opening browser.
2026-03-11 21:29:47,517 - Temp directory created: /tmp/tmpvy9fduy6.
2026-03-11 21:29:47,668 - ldd failed. e: Command '['ldd', '/usr/bin/google-chrome']' returned non-zero exit status 1., stderr: None
2026-03-11 21:29:47,669 - Temporary directory at: /tmp/tmpvy9fduy6
2026-03-11 21:29:51,739 - Conforming 1 to file:///tmp/tmpcaa8ntd8/index.html
2026-03-11 21:29:51,745 - Waiting on all navigates
2026-03-11 21:29:56,895 - Conforming 1 to file:///tmp/tmp3sdns5b3/index.html
2026-03-11 21:29:56,895 - Waiting on all navigates
2026-03-11 21:30:15,371 - All navigates done, putting them all in queue.
2026-03-11 21:30:15,393 - Getting tab from queue (has 1)
2026-03-11 21:30:15,418 - Got 78A3
2026-03-11 21:30:15,419 - Processing fig.png
2026-03-11 21:30:15,419 - Sending big command for fig.png.
2026-03-11 21:30:18,825 - Sent big command for fig.png.
2026-03-11 21:30:18,855 - Reloading tab 78A3 before return.
2026-03-11 21:30:20,658 - All navigates done, putting them all in queue.
2026-03-11 21:30:20,661 - Getting tab from queue (has 1)
2026-03-11 21:30:20,674 - Got B3E6
2026-03-11 21:30:20,674 - Processing fig.png
2026-03-11 21:30:20,674 - Sending big command for fig.png.
2026-03-11 21:30:22,016 - Sent big command for fig.png.
2026-03-11 21:30:22,021 - Reloading tab B3E6 before return.
2026-03-11 21:30:22,573 - Putting tab 78A3 back (queue size: 0).
2026-03-11 21:30:22,578 - Waiting for all cleanups to finish.
2026-03-11 21:30:22,578 - Exiting Kaleido
2026-03-11 21:30:22,580 - Closing browser.
2026-03-11 21:30:22,609 - Closing browser.
2026-03-11 21:30:22,616 - TemporaryDirectory.cleanup() worked.
2026-03-11 21:30:22,618 - shutil.rmtree worked.
2026-03-11 21:30:22,618 - Cancelling tasks.
2026-03-11 21:30:22,618 - Exiting Kaleido/Choreo
2026-03-11 21:30:23,880 - Putting tab B3E6 back (queue size: 0).
2026-03-11 21:30:23,892 - Waiting for all cleanups to finish.
2026-03-11 21:30:23,896 - Exiting Kaleido
2026-03-11 21:30:23,897 - Closing browser.
2026-03-11 21:30:23,954 - Closing browser.
2026-03-11 21:30:23,978 - TemporaryDirectory.cleanup() worked.
2026-03-11 21:30:23,978 - shutil.rmtree worked.
2026-03-11 21:30:23,979 - Cancelling tasks.
2026-03-11 21:30:23,979 - Exiting Kaleido/Choreo
2026-03-11 21:30:24,317 - TemporaryDirectory.cleanup() worked.
2026-03-11 21:30:24,321 - shutil.rmtree worked.
2026-03-11 21:30:24,324 - TemporaryDirectory.cleanup() worked.
2026-03-11 21:30:24,326 - shutil.rmtree worked.
2026-03-11 21:30:24,327 - Cancelling tasks.
2026-03-11 21:30:24,328 - Exiting Kaleido/Choreo
2026-03-11 21:30:25,186 - TemporaryDirectory.cleanup() worked.
2026-03-11 21:30:25,186 - shutil.rmtree worked.
2026-03-11 21:30:25,722 - TemporaryDirectory.cleanup() worked.
2026-03-11 21:30:25,723 - shutil.rmtree worked.
2026-03-11 21:30:25,724 - TemporaryDirectory.cleanup() worked.
2026-03-11 21:30:25,728 - shutil.rmtree worked.
2026-03-11 21:30:25,729 - Cancelling tasks.
2026-03-11 21:30:25,729 - Exiting Kaleido/Choreo
2026-03-11 21:30:26,073 - Upload Attempted
2026-03-11 21:30:41,977 - TemporaryDirectory.cleanup() worked.
2026-03-11 21:30:41,977 - shutil.rmtree worked.
2026-03-11 21:33:14,927 - Model Training Successful
2026-03-11 21:33:16,600 - n_changepoints greater than number of observations. Using 4.
2026-03-11 21:33:16,694 - Chain [1] start processing
2026-03-11 21:33:20,416 - Chain [1] done processing
2026-03-11 21:33:54,349 - Chromium init'ed with kwargs {}
2026-03-11 21:33:54,367 - Found chromium path: /usr/bin/google-chrome
2026-03-11 21:33:54,371 - Temp directory created: /tmp/tmpzjzoirmi.
2026-03-11 21:33:54,381 - Opening browser.
2026-03-11 21:33:54,393 - Temp directory created: /tmp/tmpoxel91nx.
2026-03-11 21:33:54,518 - ldd failed. e: Command '['ldd', '/usr/bin/google-chrome']' returned non-zero exit status 1., stderr: None
2026-03-11 21:33:54,525 - Temporary directory at: /tmp/tmpoxel91nx
2026-03-11 21:34:02,219 - Conforming 1 to file:///tmp/tmpzjzoirmi/index.html
2026-03-11 21:34:02,227 - Waiting on all navigates
2026-03-11 21:35:04,348 - All navigates done, putting them all in queue.
2026-03-11 21:35:04,402 - Getting tab from queue (has 1)
2026-03-11 21:35:04,405 - Got B990
2026-03-11 21:35:04,409 - Processing fig.png
2026-03-11 21:35:04,410 - Sending big command for fig.png.
2026-03-11 21:35:05,725 - Sent big command for fig.png.
2026-03-11 21:35:05,766 - Reloading tab B990 before return.
2026-03-11 21:35:53,384 - Putting tab B990 back (queue size: 0).
2026-03-11 21:35:53,387 - Waiting for all cleanups to finish.
2026-03-11 21:35:53,395 - Exiting Kaleido
2026-03-11 21:35:53,402 - Closing browser.
2026-03-11 21:35:53,473 - Closing browser.
2026-03-11 21:35:53,478 - TemporaryDirectory.cleanup() worked.
2026-03-11 21:35:53,478 - shutil.rmtree worked.
2026-03-11 21:35:53,478 - Cancelling tasks.
2026-03-11 21:35:53,479 - Exiting Kaleido/Choreo
2026-03-11 21:35:54,340 - TemporaryDirectory.cleanup() worked.
2026-03-11 21:35:54,340 - shutil.rmtree worked.
2026-03-11 21:35:54,340 - TemporaryDirectory.cleanup() worked.
2026-03-11 21:35:54,342 - shutil.rmtree worked.
2026-03-11 21:35:54,343 - Cancelling tasks.
2026-03-11 21:35:54,343 - Exiting Kaleido/Choreo
2026-03-11 21:36:23,412 - TemporaryDirectory.cleanup() worked.
2026-03-11 21:36:23,412 - shutil.rmtree worked.
2026-03-11 21:37:31,575 - User logged in successfully
2026-03-11 21:37:32,835 - Chromium init'ed with kwargs {}
2026-03-11 21:37:32,844 - Found chromium path: /usr/bin/google-chrome
2026-03-11 21:37:32,888 - Temp directory created: /tmp/tmpxmwr2dvt.
2026-03-11 21:37:32,891 - Opening browser.
2026-03-11 21:37:32,906 - Temp directory created: /tmp/tmpjv0kuaqg.
2026-03-11 21:37:33,052 - ldd failed. e: Command '['ldd', '/usr/bin/google-chrome']' returned non-zero exit status 1., stderr: None
2026-03-11 21:37:33,054 - Temporary directory at: /tmp/tmpjv0kuaqg
2026-03-11 21:37:38,313 - Conforming 1 to file:///tmp/tmpxmwr2dvt/index.html
2026-03-11 21:37:38,317 - Waiting on all navigates
2026-03-11 21:37:55,139 - All navigates done, putting them all in queue.
2026-03-11 21:37:55,160 - Getting tab from queue (has 1)
2026-03-11 21:37:55,161 - Got D7E8
2026-03-11 21:37:55,161 - Processing fig.png
2026-03-11 21:37:55,161 - Sending big command for fig.png.
2026-03-11 21:37:56,554 - Sent big command for fig.png.
2026-03-11 21:37:56,555 - Reloading tab D7E8 before return.
2026-03-11 21:37:59,676 - Putting tab D7E8 back (queue size: 0).
2026-03-11 21:37:59,676 - Waiting for all cleanups to finish.
2026-03-11 21:37:59,677 - Exiting Kaleido
2026-03-11 21:37:59,677 - Closing browser.
2026-03-11 21:37:59,745 - Closing browser.
2026-03-11 21:37:59,749 - TemporaryDirectory.cleanup() worked.
2026-03-11 21:37:59,751 - shutil.rmtree worked.
2026-03-11 21:37:59,766 - Cancelling tasks.
2026-03-11 21:37:59,766 - Exiting Kaleido/Choreo
2026-03-11 21:38:00,871 - TemporaryDirectory.cleanup() worked.
2026-03-11 21:38:00,873 - shutil.rmtree worked.
2026-03-11 21:38:00,874 - TemporaryDirectory.cleanup() worked.
2026-03-11 21:38:00,875 - shutil.rmtree worked.
2026-03-11 21:38:00,876 - Cancelling tasks.
2026-03-11 21:38:00,877 - Exiting Kaleido/Choreo
2026-03-11 21:38:02,069 - TemporaryDirectory.cleanup() worked.
2026-03-11 21:38:02,069 - shutil.rmtree worked.
