nohup: ignoring input
INFO:     Will watch for changes in these directories: ['/media/smilee/64 GB/new']
INFO:     Uvicorn running on http://127.0.0.1:8000 (Press CTRL+C to quit)
INFO:     Started reloader process [21085] using StatReload
INFO:     Started server process [21098]
INFO:     Waiting for application startup.
INFO:     Application startup complete.
WARNING:  StatReload detected changes in 'app.py'. Reloading...
INFO:     Shutting down
INFO:     Waiting for application shutdown.
INFO:     Application shutdown complete.
INFO:     Finished server process [21098]
INFO:     Started server process [29403]
INFO:     Waiting for application startup.
INFO:     Application startup complete.
WARNING:  StatReload detected changes in 'app.py'. Reloading...
INFO:     Shutting down
INFO:     Waiting for application shutdown.
INFO:     Application shutdown complete.
INFO:     Finished server process [29403]
INFO:     Started server process [30019]
INFO:     Waiting for application startup.
INFO:     Application startup complete.
WARNING:  StatReload detected changes in 'app.py'. Reloading...
INFO:     Shutting down
INFO:     Waiting for application shutdown.
INFO:     Application shutdown complete.
INFO:     Finished server process [30019]
INFO:     Started server process [31349]
INFO:     Waiting for application startup.
INFO:     Application startup complete.
INFO:     127.0.0.1:53116 - "POST /evaluate HTTP/1.1" 200 OK
INFO:     127.0.0.1:57978 - "POST /evaluate HTTP/1.1" 200 OK
INFO:     127.0.0.1:35062 - "POST /evaluate HTTP/1.1" 200 OK
